<?xml version="1.0" encoding="UTF-8"?>
<!-- Generated by org.testng.reporters.JUnitXMLReporter -->
<testsuite ignored="0" hostname="LAPTOP-4PEOJNJL" failures="1" tests="3" name="Test" time="0.051" errors="0" timestamp="2022-01-28T09:51:57 IST">
  <testcase classname="TestNG.NewTest3" name="f" time="0.009">
    <failure type="java.lang.AssertionError" message="expected [true] but found [false]">
      <![CDATA[java.lang.AssertionError: expected [true] but found [false]
at TestNG.NewTest3.f(NewTest3.java:9)
at java.base/java.util.ArrayList.forEach(ArrayList.java:1511)
... Removed 31 stack frames]]>
    </failure>
  </testcase> <!-- f -->
  <testcase classname="TestNG.NewTest1" name="h" time="0.002"/>
  <testcase classname="TestNG.NewTest" name="f" time="0.002"/>
</testsuite> <!-- Test -->
